[2020-06-01T18:40:38.338] [DEBUG] cheese - login => username:zs,password:123456
[2020-06-01T18:40:38.339] [DEBUG] cheese - zs
[2020-06-01T18:40:38.345] [DEBUG] cheese - null
[2020-06-01T18:40:38.346] [DEBUG] cheese - null
[2020-06-01T18:41:01.854] [DEBUG] cheese - login => username:admin,password:123456
[2020-06-01T18:41:01.854] [DEBUG] cheese - admin
[2020-06-01T18:41:01.857] [DEBUG] cheese - null
[2020-06-01T18:41:01.857] [DEBUG] cheese - null
[2020-06-02T14:39:42.913] [DEBUG] cheese - login => username:admin,password:123456
[2020-06-02T14:39:42.914] [DEBUG] cheese - admin
[2020-06-02T14:39:42.945] [DEBUG] cheese - null
[2020-06-02T14:39:42.945] [DEBUG] cheese - null
[2020-06-02T16:12:55.143] [DEBUG] cheese - login => username:3546541,password:635416531351ad
[2020-06-02T16:12:55.143] [DEBUG] cheese - 3546541
[2020-06-02T16:12:55.147] [DEBUG] cheese - null
[2020-06-02T16:12:55.147] [DEBUG] cheese - null
[2020-06-02T16:14:32.790] [DEBUG] cheese - login => username:qweae,password:23123123
[2020-06-02T16:14:32.790] [DEBUG] cheese - qweae
[2020-06-02T16:14:32.791] [DEBUG] cheese - null
[2020-06-02T16:14:32.791] [DEBUG] cheese - null
[2020-06-02T16:14:40.365] [DEBUG] cheese - login => username:admin,password:123456
[2020-06-02T16:14:40.365] [DEBUG] cheese - admin
[2020-06-02T16:14:40.367] [DEBUG] cheese - null
[2020-06-02T16:14:40.367] [DEBUG] cheese - null
[2020-06-02T16:14:41.909] [DEBUG] cheese - login => username:admin,password:123456
[2020-06-02T16:14:41.909] [DEBUG] cheese - admin
[2020-06-02T16:14:41.911] [DEBUG] cheese - null
[2020-06-02T16:14:41.911] [DEBUG] cheese - null
[2020-06-02T16:14:42.348] [DEBUG] cheese - login => username:admin,password:123456
[2020-06-02T16:14:42.348] [DEBUG] cheese - admin
[2020-06-02T16:14:42.349] [DEBUG] cheese - null
[2020-06-02T16:14:42.349] [DEBUG] cheese - null
[2020-06-02T16:14:42.532] [DEBUG] cheese - login => username:admin,password:123456
[2020-06-02T16:14:42.532] [DEBUG] cheese - admin
[2020-06-02T16:14:42.534] [DEBUG] cheese - null
[2020-06-02T16:14:42.534] [DEBUG] cheese - null
[2020-06-02T16:14:42.693] [DEBUG] cheese - login => username:admin,password:123456
[2020-06-02T16:14:42.693] [DEBUG] cheese - admin
[2020-06-02T16:14:42.694] [DEBUG] cheese - null
[2020-06-02T16:14:42.695] [DEBUG] cheese - null
[2020-06-02T16:14:42.861] [DEBUG] cheese - login => username:admin,password:123456
[2020-06-02T16:14:42.861] [DEBUG] cheese - admin
[2020-06-02T16:14:42.863] [DEBUG] cheese - null
[2020-06-02T16:14:42.863] [DEBUG] cheese - null
[2020-06-02T16:15:15.173] [DEBUG] cheese - login => username:eqwe,password:12312eweq
[2020-06-02T16:15:15.173] [DEBUG] cheese - eqwe
[2020-06-02T16:15:15.175] [DEBUG] cheese - null
[2020-06-02T16:15:15.175] [DEBUG] cheese - null
[2020-06-02T16:15:25.725] [DEBUG] cheese - login => username:admin,password:123456
[2020-06-02T16:15:25.725] [DEBUG] cheese - admin
[2020-06-02T16:15:25.726] [DEBUG] cheese - null
[2020-06-02T16:15:25.726] [DEBUG] cheese - null
[2020-06-02T16:25:27.141] [DEBUG] cheese - login => username:qew,password:1232131231
[2020-06-02T16:25:27.141] [DEBUG] cheese - qew
[2020-06-02T16:25:27.143] [DEBUG] cheese - null
[2020-06-02T16:25:27.143] [DEBUG] cheese - null
[2020-06-02T16:26:29.470] [DEBUG] cheese - login => username:admin,password:123456
[2020-06-02T16:26:29.470] [DEBUG] cheese - admin
[2020-06-02T16:26:29.472] [DEBUG] cheese - null
[2020-06-02T16:26:29.472] [DEBUG] cheese - null
[2020-06-02T16:31:11.543] [DEBUG] cheese - login => username:admin,password:123456
[2020-06-02T16:31:11.543] [DEBUG] cheese - admin
[2020-06-02T16:31:11.545] [DEBUG] cheese - null
[2020-06-02T16:31:11.545] [DEBUG] cheese - null
[2020-06-02T16:55:23.852] [DEBUG] cheese - login => username:admin,password:123456
[2020-06-02T16:55:23.853] [DEBUG] cheese - admin
[2020-06-02T16:55:23.854] [DEBUG] cheese - null
[2020-06-02T16:55:23.854] [DEBUG] cheese - null
[2020-06-02T16:57:11.770] [DEBUG] cheese - login => username:admin,password:123456
[2020-06-02T16:57:11.770] [DEBUG] cheese - admin
[2020-06-02T16:57:11.771] [DEBUG] cheese - null
[2020-06-02T16:57:11.771] [DEBUG] cheese - null
[2020-06-03T15:56:41.621] [DEBUG] cheese - login => username:admin,password:123456
[2020-06-03T15:56:41.622] [DEBUG] cheese - admin
[2020-06-03T15:56:41.651] [DEBUG] cheese - null
[2020-06-03T15:56:41.651] [DEBUG] cheese - null
[2020-06-03T15:57:17.009] [DEBUG] cheese - login => username:admin,password:123456
[2020-06-03T15:57:17.009] [DEBUG] cheese - admin
[2020-06-03T15:57:17.010] [DEBUG] cheese - null
[2020-06-03T15:57:17.010] [DEBUG] cheese - null
